<?xml version="1.0" encoding="UTF-8"?>
<!-- Generated by org.testng.reporters.JUnitXMLReporter -->
<testsuite hostname="ADMIN-PC" ignored="0" name="Command line test" tests="3" failures="0" timestamp="28 Jun 2018 03:01:38 GMT" time="0.056" errors="0">
  <testcase name="testcase1" time="0.002" classname="Maven.TestNG"/>
  <testcase name="testcase2" time="0.0" classname="Maven.TestNG"/>
  <testcase name="testcase3" time="0.0" classname="Maven.TestNG"/>
</testsuite> <!-- Command line test -->
