<?xml version="1.0" encoding="UTF-8"?>
<testng-results skipped="0" failed="0" ignored="0" total="3" passed="3">
  <reporter-output>
  </reporter-output>
  <suite name="Command line suite" duration-ms="56" started-at="2018-06-28T03:01:38Z" finished-at="2018-06-28T03:01:38Z">
    <groups>
    </groups>
    <test name="Command line test" duration-ms="56" started-at="2018-06-28T03:01:38Z" finished-at="2018-06-28T03:01:38Z">
      <class name="Maven.TestNG">
        <test-method status="PASS" signature="beforeSuit()[pri:0, instance:Maven.TestNG@a097cc]" name="beforeSuit" is-config="true" duration-ms="30" started-at="2018-06-28T03:01:38Z" finished-at="2018-06-28T03:01:38Z">
          <reporter-output>
          </reporter-output>
        </test-method> <!-- beforeSuit -->
        <test-method status="PASS" signature="beforeTest()[pri:0, instance:Maven.TestNG@a097cc]" name="beforeTest" is-config="true" duration-ms="0" started-at="2018-06-28T03:01:38Z" finished-at="2018-06-28T03:01:38Z">
          <reporter-output>
          </reporter-output>
        </test-method> <!-- beforeTest -->
        <test-method status="PASS" signature="beforeClass()[pri:0, instance:Maven.TestNG@a097cc]" name="beforeClass" is-config="true" duration-ms="0" started-at="2018-06-28T03:01:38Z" finished-at="2018-06-28T03:01:38Z">
          <reporter-output>
          </reporter-output>
        </test-method> <!-- beforeClass -->
        <test-method status="PASS" signature="beforeMethod()[pri:0, instance:Maven.TestNG@a097cc]" name="beforeMethod" is-config="true" duration-ms="1" started-at="2018-06-28T03:01:38Z" finished-at="2018-06-28T03:01:38Z">
          <reporter-output>
          </reporter-output>
        </test-method> <!-- beforeMethod -->
        <test-method status="PASS" signature="testcase1()[pri:0, instance:Maven.TestNG@a097cc]" name="testcase1" duration-ms="2" started-at="2018-06-28T03:01:38Z" finished-at="2018-06-28T03:01:38Z">
          <reporter-output>
          </reporter-output>
        </test-method> <!-- testcase1 -->
        <test-method status="PASS" signature="afterMethod()[pri:0, instance:Maven.TestNG@a097cc]" name="afterMethod" is-config="true" duration-ms="1" started-at="2018-06-28T03:01:38Z" finished-at="2018-06-28T03:01:38Z">
          <reporter-output>
          </reporter-output>
        </test-method> <!-- afterMethod -->
        <test-method status="PASS" signature="testcase2()[pri:2, instance:Maven.TestNG@a097cc]" name="testcase2" duration-ms="0" started-at="2018-06-28T03:01:38Z" finished-at="2018-06-28T03:01:38Z">
          <reporter-output>
          </reporter-output>
        </test-method> <!-- testcase2 -->
        <test-method status="PASS" signature="beforeMethod()[pri:0, instance:Maven.TestNG@a097cc]" name="beforeMethod" is-config="true" duration-ms="0" started-at="2018-06-28T03:01:38Z" finished-at="2018-06-28T03:01:38Z">
          <reporter-output>
          </reporter-output>
        </test-method> <!-- beforeMethod -->
        <test-method status="PASS" signature="afterMethod()[pri:0, instance:Maven.TestNG@a097cc]" name="afterMethod" is-config="true" duration-ms="0" started-at="2018-06-28T03:01:38Z" finished-at="2018-06-28T03:01:38Z">
          <reporter-output>
          </reporter-output>
        </test-method> <!-- afterMethod -->
        <test-method status="PASS" signature="beforeMethod()[pri:0, instance:Maven.TestNG@a097cc]" name="beforeMethod" is-config="true" duration-ms="1" started-at="2018-06-28T03:01:38Z" finished-at="2018-06-28T03:01:38Z">
          <reporter-output>
          </reporter-output>
        </test-method> <!-- beforeMethod -->
        <test-method status="PASS" signature="afterMethod()[pri:0, instance:Maven.TestNG@a097cc]" name="afterMethod" is-config="true" duration-ms="0" started-at="2018-06-28T03:01:38Z" finished-at="2018-06-28T03:01:38Z">
          <reporter-output>
          </reporter-output>
        </test-method> <!-- afterMethod -->
        <test-method status="PASS" signature="testcase3()[pri:3, instance:Maven.TestNG@a097cc]" name="testcase3" duration-ms="0" started-at="2018-06-28T03:01:38Z" finished-at="2018-06-28T03:01:38Z">
          <reporter-output>
          </reporter-output>
        </test-method> <!-- testcase3 -->
        <test-method status="PASS" signature="afterTest()[pri:0, instance:Maven.TestNG@a097cc]" name="afterTest" is-config="true" duration-ms="0" started-at="2018-06-28T03:01:38Z" finished-at="2018-06-28T03:01:38Z">
          <reporter-output>
          </reporter-output>
        </test-method> <!-- afterTest -->
        <test-method status="PASS" signature="afterClass()[pri:0, instance:Maven.TestNG@a097cc]" name="afterClass" is-config="true" duration-ms="0" started-at="2018-06-28T03:01:38Z" finished-at="2018-06-28T03:01:38Z">
          <reporter-output>
          </reporter-output>
        </test-method> <!-- afterClass -->
        <test-method status="PASS" signature="afterSuit()[pri:0, instance:Maven.TestNG@a097cc]" name="afterSuit" is-config="true" duration-ms="0" started-at="2018-06-28T03:01:38Z" finished-at="2018-06-28T03:01:38Z">
          <reporter-output>
          </reporter-output>
        </test-method> <!-- afterSuit -->
      </class> <!-- Maven.TestNG -->
    </test> <!-- Command line test -->
  </suite> <!-- Command line suite -->
</testng-results>
